  316023623_Proyecto_GPO04.cpp
C:\Users\josma\Documents\8vo Semestre\CG\LAB CG\ProyectoFinal\316023623_Proyecto_GPO04\ProyectoFinal\ProyectoFinal\316023623_Proyecto_GPO04.cpp(288,30): warning C4244: 'inicializando': conversión de 'double' a 'GLfloat'; posible pérdida de datos
C:\Users\josma\Documents\8vo Semestre\CG\LAB CG\ProyectoFinal\316023623_Proyecto_GPO04\ProyectoFinal\ProyectoFinal\316023623_Proyecto_GPO04.cpp(349,29): warning C4244: '=': conversión de 'double' a 'float'; posible pérdida de datos
C:\Users\josma\Documents\8vo Semestre\CG\LAB CG\ProyectoFinal\316023623_Proyecto_GPO04\ProyectoFinal\ProyectoFinal\316023623_Proyecto_GPO04.cpp(1594,50): warning C4244: 'argumento': conversión de 'double' a 'GLfloat'; posible pérdida de datos
C:\Users\josma\Documents\8vo Semestre\CG\LAB CG\ProyectoFinal\316023623_Proyecto_GPO04\ProyectoFinal\ProyectoFinal\316023623_Proyecto_GPO04.cpp(1599,51): warning C4244: 'argumento': conversión de 'double' a 'GLfloat'; posible pérdida de datos
C:\Users\josma\Documents\8vo Semestre\CG\LAB CG\ProyectoFinal\316023623_Proyecto_GPO04\ProyectoFinal\ProyectoFinal\316023623_Proyecto_GPO04.cpp(1604,47): warning C4244: 'argumento': conversión de 'double' a 'GLfloat'; posible pérdida de datos
C:\Users\josma\Documents\8vo Semestre\CG\LAB CG\ProyectoFinal\316023623_Proyecto_GPO04\ProyectoFinal\ProyectoFinal\316023623_Proyecto_GPO04.cpp(1609,48): warning C4244: 'argumento': conversión de 'double' a 'GLfloat'; posible pérdida de datos
C:\Users\josma\Documents\8vo Semestre\CG\LAB CG\ProyectoFinal\316023623_Proyecto_GPO04\ProyectoFinal\ProyectoFinal\316023623_Proyecto_GPO04.cpp(1867,34): warning C4305: '+=': truncamiento de 'double' a 'float'
C:\Users\josma\Documents\8vo Semestre\CG\LAB CG\ProyectoFinal\316023623_Proyecto_GPO04\ProyectoFinal\ProyectoFinal\316023623_Proyecto_GPO04.cpp(1889,34): warning C4305: '-=': truncamiento de 'double' a 'float'
C:\Users\josma\Documents\8vo Semestre\CG\LAB CG\ProyectoFinal\316023623_Proyecto_GPO04\ProyectoFinal\ProyectoFinal\316023623_Proyecto_GPO04.cpp(1916,17): warning C4244: '=': conversión de 'double' a 'GLfloat'; posible pérdida de datos
C:\Users\josma\Documents\8vo Semestre\CG\LAB CG\ProyectoFinal\316023623_Proyecto_GPO04\ProyectoFinal\ProyectoFinal\316023623_Proyecto_GPO04.cpp(1917,17): warning C4244: '=': conversión de 'double' a 'GLfloat'; posible pérdida de datos
C:\Users\josma\Documents\8vo Semestre\CG\LAB CG\ProyectoFinal\316023623_Proyecto_GPO04\ProyectoFinal\ProyectoFinal\316023623_Proyecto_GPO04.cpp(1921,21): warning C4244: 'inicializando': conversión de 'double' a 'GLfloat'; posible pérdida de datos
C:\Users\josma\Documents\8vo Semestre\CG\LAB CG\ProyectoFinal\316023623_Proyecto_GPO04\ProyectoFinal\ProyectoFinal\316023623_Proyecto_GPO04.cpp(1922,21): warning C4244: 'inicializando': conversión de 'double' a 'GLfloat'; posible pérdida de datos
C:\Users\josma\Documents\8vo Semestre\CG\LAB CG\ProyectoFinal\316023623_Proyecto_GPO04\ProyectoFinal\ProyectoFinal\316023623_Proyecto_GPO04.cpp(1924,13): warning C4244: '=': conversión de 'double' a 'GLfloat'; posible pérdida de datos
C:\Users\josma\Documents\8vo Semestre\CG\LAB CG\ProyectoFinal\316023623_Proyecto_GPO04\ProyectoFinal\ProyectoFinal\316023623_Proyecto_GPO04.cpp(1925,13): warning C4244: '=': conversión de 'double' a 'GLfloat'; posible pérdida de datos
soil2-debug.lib(SOIL2.obj) : warning LNK4075: se omite '/EDITANDCONTINUE' debido a la especificación '/OPT:ICF'
LINK : warning LNK4098: la biblioteca predeterminada'MSVCRTD' entra en conflicto con otras bibliotecas; use la biblioteca /NODEFAULTLIB:biblioteca
  Generando código
  Previous IPDB not found, fall back to full compilation.
  All 647 functions were compiled because no usable IPDB/IOBJ from previous compilation was found.
  Generación de código finalizada
soil2-debug.lib(etc1_utils.obj) : warning LNK4099: no se encontró PDB 'soil2-debug.pdb' con 'soil2-debug.lib(etc1_utils.obj)' o en 'C:\Users\josma\Documents\8vo Semestre\CG\LAB CG\ProyectoFinal\316023623_Proyecto_GPO04\ProyectoFinal\Release\soil2-debug.pdb'; se vinculará el objeto sin tener en cuenta información de depuración
soil2-debug.lib(image_DXT.obj) : warning LNK4099: no se encontró PDB 'soil2-debug.pdb' con 'soil2-debug.lib(image_DXT.obj)' o en 'C:\Users\josma\Documents\8vo Semestre\CG\LAB CG\ProyectoFinal\316023623_Proyecto_GPO04\ProyectoFinal\Release\soil2-debug.pdb'; se vinculará el objeto sin tener en cuenta información de depuración
soil2-debug.lib(image_helper.obj) : warning LNK4099: no se encontró PDB 'soil2-debug.pdb' con 'soil2-debug.lib(image_helper.obj)' o en 'C:\Users\josma\Documents\8vo Semestre\CG\LAB CG\ProyectoFinal\316023623_Proyecto_GPO04\ProyectoFinal\Release\soil2-debug.pdb'; se vinculará el objeto sin tener en cuenta información de depuración
soil2-debug.lib(SOIL2.obj) : warning LNK4099: no se encontró PDB 'soil2-debug.pdb' con 'soil2-debug.lib(SOIL2.obj)' o en 'C:\Users\josma\Documents\8vo Semestre\CG\LAB CG\ProyectoFinal\316023623_Proyecto_GPO04\ProyectoFinal\Release\soil2-debug.pdb'; se vinculará el objeto sin tener en cuenta información de depuración
  ProyectoFinal.vcxproj -> C:\Users\josma\Documents\8vo Semestre\CG\LAB CG\ProyectoFinal\316023623_Proyecto_GPO04\ProyectoFinal\Release\ProyectoFinal.exe
