  316023623_Proyecto_GPO04.cpp
C:\Users\josma\Documents\8vo Semestre\CG\LAB CG\ProyectoFinal\316023623_Proyecto_GPO04\ProyectoFinal\ProyectoFinal\316023623_Proyecto_GPO04.cpp(289,30): warning C4244: 'inicializando': conversión de 'double' a 'GLfloat'; posible pérdida de datos
C:\Users\josma\Documents\8vo Semestre\CG\LAB CG\ProyectoFinal\316023623_Proyecto_GPO04\ProyectoFinal\ProyectoFinal\316023623_Proyecto_GPO04.cpp(350,29): warning C4244: '=': conversión de 'double' a 'float'; posible pérdida de datos
C:\Users\josma\Documents\8vo Semestre\CG\LAB CG\ProyectoFinal\316023623_Proyecto_GPO04\ProyectoFinal\ProyectoFinal\316023623_Proyecto_GPO04.cpp(1602,50): warning C4244: 'argumento': conversión de 'double' a 'GLfloat'; posible pérdida de datos
C:\Users\josma\Documents\8vo Semestre\CG\LAB CG\ProyectoFinal\316023623_Proyecto_GPO04\ProyectoFinal\ProyectoFinal\316023623_Proyecto_GPO04.cpp(1607,51): warning C4244: 'argumento': conversión de 'double' a 'GLfloat'; posible pérdida de datos
C:\Users\josma\Documents\8vo Semestre\CG\LAB CG\ProyectoFinal\316023623_Proyecto_GPO04\ProyectoFinal\ProyectoFinal\316023623_Proyecto_GPO04.cpp(1612,47): warning C4244: 'argumento': conversión de 'double' a 'GLfloat'; posible pérdida de datos
C:\Users\josma\Documents\8vo Semestre\CG\LAB CG\ProyectoFinal\316023623_Proyecto_GPO04\ProyectoFinal\ProyectoFinal\316023623_Proyecto_GPO04.cpp(1617,48): warning C4244: 'argumento': conversión de 'double' a 'GLfloat'; posible pérdida de datos
C:\Users\josma\Documents\8vo Semestre\CG\LAB CG\ProyectoFinal\316023623_Proyecto_GPO04\ProyectoFinal\ProyectoFinal\316023623_Proyecto_GPO04.cpp(1875,34): warning C4305: '+=': truncamiento de 'double' a 'float'
C:\Users\josma\Documents\8vo Semestre\CG\LAB CG\ProyectoFinal\316023623_Proyecto_GPO04\ProyectoFinal\ProyectoFinal\316023623_Proyecto_GPO04.cpp(1897,34): warning C4305: '-=': truncamiento de 'double' a 'float'
C:\Users\josma\Documents\8vo Semestre\CG\LAB CG\ProyectoFinal\316023623_Proyecto_GPO04\ProyectoFinal\ProyectoFinal\316023623_Proyecto_GPO04.cpp(1924,17): warning C4244: '=': conversión de 'double' a 'GLfloat'; posible pérdida de datos
C:\Users\josma\Documents\8vo Semestre\CG\LAB CG\ProyectoFinal\316023623_Proyecto_GPO04\ProyectoFinal\ProyectoFinal\316023623_Proyecto_GPO04.cpp(1925,17): warning C4244: '=': conversión de 'double' a 'GLfloat'; posible pérdida de datos
C:\Users\josma\Documents\8vo Semestre\CG\LAB CG\ProyectoFinal\316023623_Proyecto_GPO04\ProyectoFinal\ProyectoFinal\316023623_Proyecto_GPO04.cpp(1929,21): warning C4244: 'inicializando': conversión de 'double' a 'GLfloat'; posible pérdida de datos
C:\Users\josma\Documents\8vo Semestre\CG\LAB CG\ProyectoFinal\316023623_Proyecto_GPO04\ProyectoFinal\ProyectoFinal\316023623_Proyecto_GPO04.cpp(1930,21): warning C4244: 'inicializando': conversión de 'double' a 'GLfloat'; posible pérdida de datos
C:\Users\josma\Documents\8vo Semestre\CG\LAB CG\ProyectoFinal\316023623_Proyecto_GPO04\ProyectoFinal\ProyectoFinal\316023623_Proyecto_GPO04.cpp(1932,13): warning C4244: '=': conversión de 'double' a 'GLfloat'; posible pérdida de datos
C:\Users\josma\Documents\8vo Semestre\CG\LAB CG\ProyectoFinal\316023623_Proyecto_GPO04\ProyectoFinal\ProyectoFinal\316023623_Proyecto_GPO04.cpp(1933,13): warning C4244: '=': conversión de 'double' a 'GLfloat'; posible pérdida de datos
LINK : warning LNK4098: la biblioteca predeterminada'MSVCRT' entra en conflicto con otras bibliotecas; use la biblioteca /NODEFAULTLIB:biblioteca
soil2-debug.lib(etc1_utils.obj) : warning LNK4099: no se encontró PDB 'soil2-debug.pdb' con 'soil2-debug.lib(etc1_utils.obj)' o en 'C:\Users\josma\Documents\8vo Semestre\CG\LAB CG\ProyectoFinal\316023623_Proyecto_GPO04\ProyectoFinal\Debug\soil2-debug.pdb'; se vinculará el objeto sin tener en cuenta información de depuración
soil2-debug.lib(image_DXT.obj) : warning LNK4099: no se encontró PDB 'soil2-debug.pdb' con 'soil2-debug.lib(image_DXT.obj)' o en 'C:\Users\josma\Documents\8vo Semestre\CG\LAB CG\ProyectoFinal\316023623_Proyecto_GPO04\ProyectoFinal\Debug\soil2-debug.pdb'; se vinculará el objeto sin tener en cuenta información de depuración
soil2-debug.lib(image_helper.obj) : warning LNK4099: no se encontró PDB 'soil2-debug.pdb' con 'soil2-debug.lib(image_helper.obj)' o en 'C:\Users\josma\Documents\8vo Semestre\CG\LAB CG\ProyectoFinal\316023623_Proyecto_GPO04\ProyectoFinal\Debug\soil2-debug.pdb'; se vinculará el objeto sin tener en cuenta información de depuración
soil2-debug.lib(SOIL2.obj) : warning LNK4099: no se encontró PDB 'soil2-debug.pdb' con 'soil2-debug.lib(SOIL2.obj)' o en 'C:\Users\josma\Documents\8vo Semestre\CG\LAB CG\ProyectoFinal\316023623_Proyecto_GPO04\ProyectoFinal\Debug\soil2-debug.pdb'; se vinculará el objeto sin tener en cuenta información de depuración
  ProyectoFinal.vcxproj -> C:\Users\josma\Documents\8vo Semestre\CG\LAB CG\ProyectoFinal\316023623_Proyecto_GPO04\ProyectoFinal\Debug\ProyectoFinal.exe
